<?xml version="1.0" encoding="UTF-8"?>
<testng-results total="1" passed="1" failed="0" skipped="0">
  <reporter-output>
  </reporter-output>
  <suite started-at="2021-04-29T07:14:50Z" name="Default suite" finished-at="2021-04-29T07:16:32Z" duration-ms="102031">
    <groups>
    </groups>
    <test started-at="2021-04-29T07:14:50Z" name="Default test" finished-at="2021-04-29T07:16:32Z" duration-ms="102031">
      <class name="com.test.Testcase">
        <test-method is-config="true" signature="browser()[pri:0, instance:com.test.Testcase@3b79fd76]" started-at="2021-04-29T12:44:50Z" name="browser" finished-at="2021-04-29T12:45:07Z" duration-ms="16497" status="PASS">
          <reporter-output>
          </reporter-output>
        </test-method> <!-- browser -->
        <test-method signature="testRun()[pri:0, instance:com.test.Testcase@3b79fd76]" started-at="2021-04-29T12:45:07Z" name="testRun" finished-at="2021-04-29T12:46:30Z" duration-ms="83206" status="PASS">
          <reporter-output>
          </reporter-output>
        </test-method> <!-- testRun -->
        <test-method is-config="true" signature="endTest()[pri:0, instance:com.test.Testcase@3b79fd76]" started-at="2021-04-29T12:46:30Z" name="endTest" finished-at="2021-04-29T12:46:32Z" duration-ms="2214" status="PASS">
          <reporter-output>
          </reporter-output>
        </test-method> <!-- endTest -->
      </class> <!-- com.test.Testcase -->
    </test> <!-- Default test -->
  </suite> <!-- Default suite -->
</testng-results>
